[uncaughtException]
Error name: Error
Error message: listen EADDRINUSE: address already in use :::60000
Stack: Error: listen EADDRINUSE: address already in use :::60000
    at Server.setupListenHandle [as _listen2] (node:net:1940:16)
    at listenInCluster (node:net:1997:12)
    at Server.listen (node:net:2102:7)
    at Function.serverListen [as listen] (D:\Users\viaco\tools\Toonflow-game\toonflow-game-app\node_modules\express-ws\lib\index.js:42:40)
    at <anonymous> (D:\Users\viaco\tools\Toonflow-game\toonflow-game-app\src\app.ts:130:18)
    at new Promise (<anonymous>)
    at startServe (D:\Users\viaco\tools\Toonflow-game\toonflow-game-app\src\app.ts:129:16)
Serialized: {
  "code": "EADDRINUSE",
  "errno": -4091,
  "syscall": "listen",
  "address": "::",
  "port": 60000,
  "name": "Error",
  "message": "listen EADDRINUSE: address already in use :::60000",
  "stack": "Error: listen EADDRINUSE: address already in use :::60000\n    at Server.setupListenHandle [as _listen2] (node:net:1940:16)\n    at listenInCluster (node:net:1997:12)\n    at Server.listen (node:net:2102:7)\n    at Function.serverListen [as listen] (D:\\Users\\viaco\\tools\\Toonflow-game\\toonflow-game-app\\node_modules\\express-ws\\lib\\index.js:42:40)\n    at <anonymous> (D:\\Users\\viaco\\tools\\Toonflow-game\\toonflow-game-app\\src\\app.ts:130:18)\n    at new Promise (<anonymous>)\n    at startServe (D:\\Users\\viaco\\tools\\Toonflow-game\\toonflow-game-app\\src\\app.ts:129:16)"
}
溝固冷꼇돕寧땍돨쨌쓺。
